Paths that match both --include and --exclude will be skipped by Semgrep.
               
               
┌─────────────┐
│ Scan Status │
└─────────────┘
  Scanning 1 file tracked by git with 13 Code rules:
  Scanning 1 file with 13 python rules.
                
                
┌──────────────┐
│ Scan Summary │
└──────────────┘
✅ Scan completed successfully.
 • Findings: 0 (0 blocking)
 • Rules run: 13
 • Targets scanned: 1
 • Parsed lines: ~100.0%
 • Scan skipped: 
   ◦ Not matching --include patterns: 397
   ◦ Matching --exclude patterns: 70
   ◦ Files matching .semgrepignore patterns: 4
 • Scan was limited to files tracked by git
 • For a detailed list of skipped files and lines, run semgrep with the --verbose flag
Ran 13 rules on 1 file: 0 findings.
