               
               
┌─────────────┐
│ Scan Status │
└─────────────┘
  Scanning 397 files tracked by git with 266 Code rules:
                                                                                                                        
  Language      Rules   Files          Origin   Rules                                                                   
 ─────────────────────────────        ────────────────                                                                  
  <multilang>     224     397          Custom     266                                                                   
  ts                8     258                                                                                           
  js                8       6                                                                                           
                                                                                                                        
                
                
┌──────────────┐
│ Scan Summary │
└──────────────┘
✅ Scan completed successfully.
 • Findings: 6 (6 blocking)
 • Rules run: 232
 • Targets scanned: 397
 • Parsed lines: ~99.9%
 • Scan skipped: 
   ◦ Matching --exclude patterns: 76
   ◦ Files larger than  files 1.0 MB: 1
   ◦ Files matching .semgrepignore patterns: 4
 • Scan was limited to files tracked by git
 • For a detailed list of skipped files and lines, run semgrep with the --verbose flag
Ran 232 rules on 397 files: 6 findings.
