               
               
┌─────────────┐
│ Scan Status │
└─────────────┘
  Scanning 399 files tracked by git with 41 Code rules:
                                                                                                                        
  Language   Rules   Files          Origin   Rules                                                                      
 ──────────────────────────        ────────────────                                                                     
  ts            41     257          Custom      41                                                                      
  js            40       6                                                                                              
                                                                                                                        
                
                
┌──────────────┐
│ Scan Summary │
└──────────────┘
✅ Scan completed successfully.
 • Findings: 1285 (1285 blocking)
 • Rules run: 41
 • Targets scanned: 263
 • Parsed lines: ~99.9%
 • Scan skipped: 
   ◦ Files larger than  files 1.0 MB: 1
   ◦ Files matching .semgrepignore patterns: 4
 • Scan was limited to files tracked by git
 • For a detailed list of skipped files and lines, run semgrep with the --verbose flag
Ran 41 rules on 263 files: 1285 findings.
