Paths that match both --include and --exclude will be skipped by Semgrep.
               
               
┌─────────────┐
│ Scan Status │
└─────────────┘
  Scanning 1 file tracked by git with 16 Code rules:
  Nothing to scan.
                
                
┌──────────────┐
│ Scan Summary │
└──────────────┘
✅ Scan completed successfully.
 • Findings: 0 (0 blocking)
 • Rules run: 16
 • Targets scanned: 0
 • Parsed lines: an unknown percentage
 • Scan skipped: 
   ◦ Not matching --include patterns: 397
   ◦ Matching --exclude patterns: 32
   ◦ Files matching .semgrepignore patterns: 4
 • Scan was limited to files tracked by git
 • For a detailed list of skipped files and lines, run semgrep with the --verbose flag
Ran 16 rules on 0 files: 0 findings.
