Paths that match both --include and --exclude will be skipped by Semgrep.
               
               
┌─────────────┐
│ Scan Status │
└─────────────┘
  Scanning 263 files tracked by git with 16 Code rules:
                                                                                                                        
  Language   Rules   Files          Origin   Rules                                                                      
 ──────────────────────────        ────────────────                                                                     
  ts            16     258          Custom      16                                                                      
  js            15       5                                                                                              
                                                                                                                        
                
                
┌──────────────┐
│ Scan Summary │
└──────────────┘
✅ Scan completed successfully.
 • Findings: 967 (967 blocking)
 • Rules run: 16
 • Targets scanned: 263
 • Parsed lines: ~99.9%
 • Scan skipped: 
   ◦ Not matching --include patterns: 99
   ◦ Matching --exclude patterns: 71
   ◦ Files matching .semgrepignore patterns: 4
 • Scan was limited to files tracked by git
 • For a detailed list of skipped files and lines, run semgrep with the --verbose flag
Ran 16 rules on 263 files: 967 findings.
